<?xml version="1.0" encoding="UTF-8"?>
<!-- Generated by org.testng.reporters.JUnitReportReporter -->
<testsuite skipped="0" hostname="PMCLAP1279" name="testrunner.Testrunner" tests="1" failures="0" timestamp="31 Jul 2020 11:34:47 GMT" time="23.545" errors="0">
  <testcase name="feature" time="23.545" classname="testrunner.Testrunner"/>
</testsuite> <!-- testrunner.Testrunner -->
